Using pre-set license
Built from '2021.2/staging' branch; Version is '2021.2.7f1 (6bd9e232123f) revision 7068130'; Using compiler version '192829333'; Build Type 'Release'
OS: 'Windows 11  (10.0.22000) 64bit Core' Language: 'en' Physical Memory: 16275 MB
BatchMode: 1, IsHumanControllingUs: 0, StartBugReporterOnCrash: 0, Is64bit: 1, IsPro: 0

COMMAND LINE ARGUMENTS:
A:\Program Files\Unity\2021.2.7f1\Editor\Unity.exe
-adb2
-batchMode
-noUpm
-name
AssetImportWorker0
-projectPath
D:/Game Dev/Turn Based RPG/Legends of Corona
-logFile
Logs/AssetImportWorker0.log
-srvPort
53891
Successfully changed project path to: D:/Game Dev/Turn Based RPG/Legends of Corona
D:/Game Dev/Turn Based RPG/Legends of Corona
[UnityMemory] Configuration Parameters - Can be set up in boot.config
    "memorysetup-bucket-allocator-granularity=16"
    "memorysetup-bucket-allocator-bucket-count=8"
    "memorysetup-bucket-allocator-block-size=33554432"
    "memorysetup-bucket-allocator-block-count=8"
    "memorysetup-main-allocator-block-size=16777216"
    "memorysetup-thread-allocator-block-size=16777216"
    "memorysetup-gfx-main-allocator-block-size=16777216"
    "memorysetup-gfx-thread-allocator-block-size=16777216"
    "memorysetup-cache-allocator-block-size=4194304"
    "memorysetup-typetree-allocator-block-size=2097152"
    "memorysetup-profiler-bucket-allocator-granularity=16"
    "memorysetup-profiler-bucket-allocator-bucket-count=8"
    "memorysetup-profiler-bucket-allocator-block-size=33554432"
    "memorysetup-profiler-bucket-allocator-block-count=8"
    "memorysetup-profiler-allocator-block-size=16777216"
    "memorysetup-profiler-editor-allocator-block-size=1048576"
    "memorysetup-temp-allocator-size-main=16777216"
    "memorysetup-job-temp-allocator-block-size=2097152"
    "memorysetup-job-temp-allocator-block-size-background=1048576"
    "memorysetup-job-temp-allocator-reduction-small-platforms=262144"
    "memorysetup-temp-allocator-size-background-worker=32768"
    "memorysetup-temp-allocator-size-job-worker=262144"
    "memorysetup-temp-allocator-size-preload-manager=33554432"
    "memorysetup-temp-allocator-size-nav-mesh-worker=65536"
    "memorysetup-temp-allocator-size-audio-worker=65536"
    "memorysetup-temp-allocator-size-cloud-worker=32768"
    "memorysetup-temp-allocator-size-gi-baking-worker=262144"
    "memorysetup-temp-allocator-size-gfx=262144"
Refreshing native plugins compatible for Editor in 137.50 ms, found 4 plugins.
Preloading 0 native plugins for Editor in 0.00 ms.
Initialize engine version: 2021.2.7f1 (6bd9e232123f)
[Subsystems] Discovering subsystems at path A:/Program Files/Unity/2021.2.7f1/Editor/Data/Resources/UnitySubsystems
[Subsystems] Discovering subsystems at path D:/Game Dev/Turn Based RPG/Legends of Corona/Assets
GfxDevice: creating device client; threaded=0; jobified=0
Direct3D:
    Version:  Direct3D 11.0 [level 11.1]
    Renderer: NVIDIA GeForce GTX 1080 Ti (ID=0x1b06)
    Vendor:   NVIDIA
    VRAM:     11128 MB
    Driver:   30.0.14.7208
Initialize mono
Mono path[0] = 'A:/Program Files/Unity/2021.2.7f1/Editor/Data/Managed'
Mono path[1] = 'A:/Program Files/Unity/2021.2.7f1/Editor/Data/MonoBleedingEdge/lib/mono/unityjit-win32'
Mono config path = 'A:/Program Files/Unity/2021.2.7f1/Editor/Data/MonoBleedingEdge/etc'
Using monoOptions --debugger-agent=transport=dt_socket,embedding=1,server=y,suspend=n,address=127.0.0.1:56776
Begin MonoManager ReloadAssembly
Registering precompiled unity dll's ...
Register platform support module: A:/Program Files/Unity/2021.2.7f1/Editor/Data/PlaybackEngines/WebGLSupport/UnityEditor.WebGL.Extensions.dll
Register platform support module: A:/Program Files/Unity/2021.2.7f1/Editor/Data/PlaybackEngines/WindowsStandaloneSupport/UnityEditor.WindowsStandalone.Extensions.dll
Registered in 0.019466 seconds.
Native extension for WindowsStandalone target not found
Native extension for WebGL target not found
Refreshing native plugins compatible for Editor in 98.79 ms, found 4 plugins.
Preloading 0 native plugins for Editor in 0.00 ms.
Mono: successfully reloaded assembly
- Completed reload, in  0.841 seconds
Domain Reload Profiling:
	ReloadAssembly (842ms)
		BeginReloadAssembly (147ms)
			ExecutionOrderSort (0ms)
			DisableScriptedObjects (0ms)
			BackupInstance (0ms)
			ReleaseScriptingObjects (0ms)
			CreateAndSetChildDomain (1ms)
		EndReloadAssembly (573ms)
			LoadAssemblies (140ms)
			RebuildTransferFunctionScriptingTraits (0ms)
			SetupTypeCache (121ms)
			ReleaseScriptCaches (0ms)
			RebuildScriptCaches (35ms)
			SetupLoadedEditorAssemblies (346ms)
				LogAssemblyErrors (0ms)
				InitializePlatformSupportModulesInManaged (22ms)
				SetLoadedEditorAssemblies (0ms)
				RefreshPlugins (99ms)
				BeforeProcessingInitializeOnLoad (2ms)
				ProcessInitializeOnLoadAttributes (170ms)
				ProcessInitializeOnLoadMethodAttributes (53ms)
				AfterProcessingInitializeOnLoad (0ms)
				EditorAssembliesLoaded (0ms)
			ExecutionOrderSort2 (0ms)
			AwakeInstancesAfterBackupRestoration (0ms)
Platform modules already initialized, skipping
Registering precompiled user dll's ...
Registered in 0.007559 seconds.
Begin MonoManager ReloadAssembly
Symbol file LoadedFromMemory doesn't match image D:\Game Dev\Turn Based RPG\Legends of Corona\Library\PackageCache\com.unity.visualscripting@1.7.6\Editor\VisualScripting.Core\Dependencies\YamlDotNet\Unity.VisualScripting.YamlDotNet.dll
Symbol file LoadedFromMemory doesn't match image D:\Game Dev\Turn Based RPG\Legends of Corona\Library\PackageCache\com.unity.visualscripting@1.7.6\Editor\VisualScripting.Core\Dependencies\DotNetZip\Unity.VisualScripting.IonicZip.dll
Native extension for WindowsStandalone target not found
Native extension for WebGL target not found
Refreshing native plugins compatible for Editor in 104.59 ms, found 4 plugins.
Preloading 0 native plugins for Editor in 0.00 ms.
Mono: successfully reloaded assembly
- Completed reload, in  2.051 seconds
Domain Reload Profiling:
	ReloadAssembly (2052ms)
		BeginReloadAssembly (182ms)
			ExecutionOrderSort (0ms)
			DisableScriptedObjects (7ms)
			BackupInstance (0ms)
			ReleaseScriptingObjects (0ms)
			CreateAndSetChildDomain (25ms)
		EndReloadAssembly (1746ms)
			LoadAssemblies (139ms)
			RebuildTransferFunctionScriptingTraits (0ms)
			SetupTypeCache (282ms)
			ReleaseScriptCaches (1ms)
			RebuildScriptCaches (71ms)
			SetupLoadedEditorAssemblies (1230ms)
				LogAssemblyErrors (0ms)
				InitializePlatformSupportModulesInManaged (21ms)
				SetLoadedEditorAssemblies (0ms)
				RefreshPlugins (105ms)
				BeforeProcessingInitializeOnLoad (123ms)
				ProcessInitializeOnLoadAttributes (919ms)
				ProcessInitializeOnLoadMethodAttributes (42ms)
				AfterProcessingInitializeOnLoad (21ms)
				EditorAssembliesLoaded (0ms)
			ExecutionOrderSort2 (0ms)
			AwakeInstancesAfterBackupRestoration (8ms)
Platform modules already initialized, skipping
========================================================================
Worker process is ready to serve import requests
Launched and connected shader compiler UnityShaderCompiler.exe after 0.09 seconds
Refreshing native plugins compatible for Editor in 1.24 ms, found 4 plugins.
Preloading 0 native plugins for Editor in 0.00 ms.
Unloading 3899 Unused Serialized files (Serialized files now loaded: 0)
Unloading 43 unused Assets / (225.5 KB). Loaded Objects now: 4348.
Memory consumption went from 146.8 MB to 146.5 MB.
Total: 6.555100 ms (FindLiveObjects: 0.392000 ms CreateObjectMapping: 0.300000 ms MarkObjects: 5.617600 ms  DeleteObjects: 0.244100 ms)

AssetImportParameters requested are different than current active one (requested -> active):
  custom:video-decoder-ogg-theora: a1e56fd34408186e4bbccfd4996cb3dc -> 
  custom:container-muxer-webm: aa71ff27fc2769a1b78a27578f13a17b -> 
  custom:container-demuxer-webm: 4f35f7cbe854078d1ac9338744f61a02 -> 
  custom:video-encoder-webm-vp8: eb34c28f22e8b96e1ab97ce403110664 -> 
  custom:video-codec-MediaFoundation-h265: 746d11721c4dcdbdad8f713fa42b33f4 -> 
  custom:audio-encoder-webm-vorbis: bf7c407c2cedff20999df2af8eb42d56 -> 
  custom:framework-win-MediaFoundation: 216162199b28c13a410421893ffa2e32 -> 
  custom:container-demuxer-ogg: 62fdf1f143b41e24485cea50d1cbac27 -> 
  custom:video-decoder-webm-vp8: 9c59270c3fd7afecdb556c50c9e8de78 -> 
  custom:audio-decoder-ogg-vorbis: bf7c407c2cedff20999df2af8eb42d56 -> 
========================================================================
Received Import Request.
  Time since last request: 620751.549630 seconds.
  path: Assets
  artifactKey: Guid(00000000000000001000000000000000) Importer(815301076,1909f56bfc062723c751e8b465ee728b)
Start importing Assets using Guid(00000000000000001000000000000000) Importer(815301076,1909f56bfc062723c751e8b465ee728b)  -> (artifact id: '79842766b460edbeab6a34051e857a80') in 0.007732 seconds 
========================================================================
Received Import Request.
  Time since last request: 2.487490 seconds.
  path: Assets/Images
  artifactKey: Guid(d54e46e2f85ccf3498079e8436569aba) Importer(815301076,1909f56bfc062723c751e8b465ee728b)
Start importing Assets/Images using Guid(d54e46e2f85ccf3498079e8436569aba) Importer(815301076,1909f56bfc062723c751e8b465ee728b)  -> (artifact id: 'eab1bbbd3542f4aa8b5efe9d085204ae') in 0.001701 seconds 
========================================================================
Received Import Request.
  Time since last request: 14.353284 seconds.
  path: Assets/Images/Background
  artifactKey: Guid(685f49be090724c44ba0ec689abbebf3) Importer(815301076,1909f56bfc062723c751e8b465ee728b)
Start importing Assets/Images/Background using Guid(685f49be090724c44ba0ec689abbebf3) Importer(815301076,1909f56bfc062723c751e8b465ee728b)  -> (artifact id: 'ef41a1ca7799e8e3b3c41e731f3dc27e') in 0.001738 seconds 
========================================================================
Received Import Request.
  Time since last request: 26.246291 seconds.
  path: Assets/Images/Background/Background image 1.PNG
  artifactKey: Guid(f2bc25ce36bc8864c953e70f9e437cec) Importer(815301076,1909f56bfc062723c751e8b465ee728b)
Start importing Assets/Images/Background/Background image 1.PNG using Guid(f2bc25ce36bc8864c953e70f9e437cec) Importer(815301076,1909f56bfc062723c751e8b465ee728b)  -> (artifact id: '9f4bb5e31c167d7e846825f3ffc52daf') in 0.267371 seconds 
========================================================================
Received Import Request.
  Time since last request: 0.000039 seconds.
  path: Assets/Images/Background/background mountains.PNG
  artifactKey: Guid(e00993b3b0d60664da49ed5e7b6c1870) Importer(815301076,1909f56bfc062723c751e8b465ee728b)
Start importing Assets/Images/Background/background mountains.PNG using Guid(e00993b3b0d60664da49ed5e7b6c1870) Importer(815301076,1909f56bfc062723c751e8b465ee728b)  -> (artifact id: '59ed6ba7f2bb861e8709560d30c0a244') in 0.074253 seconds 
========================================================================
Received Import Request.
  Time since last request: 74.920691 seconds.
  path: Assets/Images/Background/Background image 1.PNG
  artifactKey: Guid(f2bc25ce36bc8864c953e70f9e437cec) Importer(815301076,1909f56bfc062723c751e8b465ee728b)
Start importing Assets/Images/Background/Background image 1.PNG using Guid(f2bc25ce36bc8864c953e70f9e437cec) Importer(815301076,1909f56bfc062723c751e8b465ee728b)  -> (artifact id: '7b651e780bda13b95b1107d94a886e61') in 0.075516 seconds 
========================================================================
Received Import Request.
  Time since last request: 229.494661 seconds.
  path: Assets/Sprite
  artifactKey: Guid(faad321d66633f24f8658a25156472b8) Importer(815301076,1909f56bfc062723c751e8b465ee728b)
Start importing Assets/Sprite using Guid(faad321d66633f24f8658a25156472b8) Importer(815301076,1909f56bfc062723c751e8b465ee728b)  -> (artifact id: '9f71301962cb8f82898ac4e6201e1ac3') in 0.001680 seconds 
========================================================================
Received Import Request.
  Time since last request: 67.201625 seconds.
  path: Assets/Sprite/LPC imp
  artifactKey: Guid(cad10da6d8544434fae724e800094971) Importer(815301076,1909f56bfc062723c751e8b465ee728b)
Start importing Assets/Sprite/LPC imp using Guid(cad10da6d8544434fae724e800094971) Importer(815301076,1909f56bfc062723c751e8b465ee728b)  -> (artifact id: 'aab341d4fa6c9d26861c845d5fba7aa5') in 0.001537 seconds 
========================================================================
Received Import Request.
  Time since last request: 0.019305 seconds.
  path: Assets/Sprite/LPC imp/attack - pitchfork shield.png
  artifactKey: Guid(7972ef25f90d7e94d9ecddad125c0a37) Importer(815301076,1909f56bfc062723c751e8b465ee728b)
Start importing Assets/Sprite/LPC imp/attack - pitchfork shield.png using Guid(7972ef25f90d7e94d9ecddad125c0a37) Importer(815301076,1909f56bfc062723c751e8b465ee728b)  -> (artifact id: 'a4412ff74577661bce9c2ceb2af51fa1') in 0.026957 seconds 
========================================================================
Received Import Request.
  Time since last request: 0.000024 seconds.
  path: Assets/Sprite/LPC imp/Dead Jimmy Sprites.png
  artifactKey: Guid(4e7aa7e34294e9b4e8f286d3a439d727) Importer(815301076,1909f56bfc062723c751e8b465ee728b)
Start importing Assets/Sprite/LPC imp/Dead Jimmy Sprites.png using Guid(4e7aa7e34294e9b4e8f286d3a439d727) Importer(815301076,1909f56bfc062723c751e8b465ee728b)  -> (artifact id: '1c832fd7a1926cd4ace31d09f04842a3') in 0.054966 seconds 
========================================================================
Received Import Request.
  Time since last request: 0.000034 seconds.
  path: Assets/Sprite/LPC imp/walk - vanilla.png
  artifactKey: Guid(f376f35ffe25d3c49822ae4e17599c84) Importer(815301076,1909f56bfc062723c751e8b465ee728b)
Start importing Assets/Sprite/LPC imp/walk - vanilla.png using Guid(f376f35ffe25d3c49822ae4e17599c84) Importer(815301076,1909f56bfc062723c751e8b465ee728b)  -> (artifact id: '29c6cd202e1722abee1fa6bb64c79ca0') in 0.016234 seconds 
========================================================================
Received Import Request.
  Time since last request: 0.000034 seconds.
  path: Assets/Sprite/LPC imp/attack - sword.png
  artifactKey: Guid(15fd12a99501a63408e7e30a410c0828) Importer(815301076,1909f56bfc062723c751e8b465ee728b)
Start importing Assets/Sprite/LPC imp/attack - sword.png using Guid(15fd12a99501a63408e7e30a410c0828) Importer(815301076,1909f56bfc062723c751e8b465ee728b)  -> (artifact id: '59dc77ac00c281489fddf426f9934fb5') in 0.018341 seconds 
========================================================================
Received Import Request.
  Time since last request: 0.000034 seconds.
  path: Assets/Sprite/LPC imp/walk - pitchfork shield.png
  artifactKey: Guid(339ab926bd3f43a49a6bee0541f7dda3) Importer(815301076,1909f56bfc062723c751e8b465ee728b)
Start importing Assets/Sprite/LPC imp/walk - pitchfork shield.png using Guid(339ab926bd3f43a49a6bee0541f7dda3) Importer(815301076,1909f56bfc062723c751e8b465ee728b)  -> (artifact id: '23d4259ef4383d02230df97af5d21227') in 0.020159 seconds 
Editor requested this worker to shutdown with reason: Scaling down because of idle timeout
AssetImportWorker is now disconnected from the server
Process exiting
Exiting without the bug reporter. Application will terminate with return code 0