Using pre-set license
Built from '2021.2/staging' branch; Version is '2021.2.7f1 (6bd9e232123f) revision 7068130'; Using compiler version '192829333'; Build Type 'Release'
OS: 'Windows 11  (10.0.22000) 64bit Core' Language: 'en' Physical Memory: 16275 MB
BatchMode: 1, IsHumanControllingUs: 0, StartBugReporterOnCrash: 0, Is64bit: 1, IsPro: 0

COMMAND LINE ARGUMENTS:
A:\Program Files\Unity\2021.2.7f1\Editor\Unity.exe
-adb2
-batchMode
-noUpm
-name
AssetImportWorker1
-projectPath
D:/Game Dev/Turn Based RPG/Legends of Corona
-logFile
Logs/AssetImportWorker1.log
-srvPort
53891
Successfully changed project path to: D:/Game Dev/Turn Based RPG/Legends of Corona
D:/Game Dev/Turn Based RPG/Legends of Corona
[UnityMemory] Configuration Parameters - Can be set up in boot.config
    "memorysetup-bucket-allocator-granularity=16"
    "memorysetup-bucket-allocator-bucket-count=8"
    "memorysetup-bucket-allocator-block-size=33554432"
    "memorysetup-bucket-allocator-block-count=8"
    "memorysetup-main-allocator-block-size=16777216"
    "memorysetup-thread-allocator-block-size=16777216"
    "memorysetup-gfx-main-allocator-block-size=16777216"
    "memorysetup-gfx-thread-allocator-block-size=16777216"
    "memorysetup-cache-allocator-block-size=4194304"
    "memorysetup-typetree-allocator-block-size=2097152"
    "memorysetup-profiler-bucket-allocator-granularity=16"
    "memorysetup-profiler-bucket-allocator-bucket-count=8"
    "memorysetup-profiler-bucket-allocator-block-size=33554432"
    "memorysetup-profiler-bucket-allocator-block-count=8"
    "memorysetup-profiler-allocator-block-size=16777216"
    "memorysetup-profiler-editor-allocator-block-size=1048576"
    "memorysetup-temp-allocator-size-main=16777216"
    "memorysetup-job-temp-allocator-block-size=2097152"
    "memorysetup-job-temp-allocator-block-size-background=1048576"
    "memorysetup-job-temp-allocator-reduction-small-platforms=262144"
    "memorysetup-temp-allocator-size-background-worker=32768"
    "memorysetup-temp-allocator-size-job-worker=262144"
    "memorysetup-temp-allocator-size-preload-manager=33554432"
    "memorysetup-temp-allocator-size-nav-mesh-worker=65536"
    "memorysetup-temp-allocator-size-audio-worker=65536"
    "memorysetup-temp-allocator-size-cloud-worker=32768"
    "memorysetup-temp-allocator-size-gi-baking-worker=262144"
    "memorysetup-temp-allocator-size-gfx=262144"
Refreshing native plugins compatible for Editor in 114.23 ms, found 4 plugins.
Preloading 0 native plugins for Editor in 0.00 ms.
Initialize engine version: 2021.2.7f1 (6bd9e232123f)
[Subsystems] Discovering subsystems at path A:/Program Files/Unity/2021.2.7f1/Editor/Data/Resources/UnitySubsystems
[Subsystems] Discovering subsystems at path D:/Game Dev/Turn Based RPG/Legends of Corona/Assets
GfxDevice: creating device client; threaded=0; jobified=0
Direct3D:
    Version:  Direct3D 11.0 [level 11.1]
    Renderer: NVIDIA GeForce GTX 1080 Ti (ID=0x1b06)
    Vendor:   NVIDIA
    VRAM:     11128 MB
    Driver:   30.0.14.7208
Initialize mono
Mono path[0] = 'A:/Program Files/Unity/2021.2.7f1/Editor/Data/Managed'
Mono path[1] = 'A:/Program Files/Unity/2021.2.7f1/Editor/Data/MonoBleedingEdge/lib/mono/unityjit-win32'
Mono config path = 'A:/Program Files/Unity/2021.2.7f1/Editor/Data/MonoBleedingEdge/etc'
Using monoOptions --debugger-agent=transport=dt_socket,embedding=1,server=y,suspend=n,address=127.0.0.1:56312
Begin MonoManager ReloadAssembly
Registering precompiled unity dll's ...
Register platform support module: A:/Program Files/Unity/2021.2.7f1/Editor/Data/PlaybackEngines/WebGLSupport/UnityEditor.WebGL.Extensions.dll
Register platform support module: A:/Program Files/Unity/2021.2.7f1/Editor/Data/PlaybackEngines/WindowsStandaloneSupport/UnityEditor.WindowsStandalone.Extensions.dll
Registered in 0.020285 seconds.
Native extension for WindowsStandalone target not found
Native extension for WebGL target not found
Refreshing native plugins compatible for Editor in 100.04 ms, found 4 plugins.
Preloading 0 native plugins for Editor in 0.00 ms.
Mono: successfully reloaded assembly
- Completed reload, in  0.835 seconds
Domain Reload Profiling:
	ReloadAssembly (836ms)
		BeginReloadAssembly (140ms)
			ExecutionOrderSort (0ms)
			DisableScriptedObjects (0ms)
			BackupInstance (0ms)
			ReleaseScriptingObjects (0ms)
			CreateAndSetChildDomain (1ms)
		EndReloadAssembly (573ms)
			LoadAssemblies (130ms)
			RebuildTransferFunctionScriptingTraits (0ms)
			SetupTypeCache (122ms)
			ReleaseScriptCaches (0ms)
			RebuildScriptCaches (35ms)
			SetupLoadedEditorAssemblies (346ms)
				LogAssemblyErrors (0ms)
				InitializePlatformSupportModulesInManaged (23ms)
				SetLoadedEditorAssemblies (0ms)
				RefreshPlugins (100ms)
				BeforeProcessingInitializeOnLoad (2ms)
				ProcessInitializeOnLoadAttributes (167ms)
				ProcessInitializeOnLoadMethodAttributes (54ms)
				AfterProcessingInitializeOnLoad (0ms)
				EditorAssembliesLoaded (0ms)
			ExecutionOrderSort2 (0ms)
			AwakeInstancesAfterBackupRestoration (0ms)
Platform modules already initialized, skipping
Registering precompiled user dll's ...
Registered in 0.007402 seconds.
Begin MonoManager ReloadAssembly
Symbol file LoadedFromMemory doesn't match image D:\Game Dev\Turn Based RPG\Legends of Corona\Library\PackageCache\com.unity.visualscripting@1.7.6\Editor\VisualScripting.Core\Dependencies\YamlDotNet\Unity.VisualScripting.YamlDotNet.dll
Symbol file LoadedFromMemory doesn't match image D:\Game Dev\Turn Based RPG\Legends of Corona\Library\PackageCache\com.unity.visualscripting@1.7.6\Editor\VisualScripting.Core\Dependencies\DotNetZip\Unity.VisualScripting.IonicZip.dll
Native extension for WindowsStandalone target not found
Native extension for WebGL target not found
Refreshing native plugins compatible for Editor in 105.18 ms, found 4 plugins.
Preloading 0 native plugins for Editor in 0.00 ms.
Mono: successfully reloaded assembly
- Completed reload, in  2.058 seconds
Domain Reload Profiling:
	ReloadAssembly (2060ms)
		BeginReloadAssembly (182ms)
			ExecutionOrderSort (0ms)
			DisableScriptedObjects (7ms)
			BackupInstance (0ms)
			ReleaseScriptingObjects (0ms)
			CreateAndSetChildDomain (25ms)
		EndReloadAssembly (1750ms)
			LoadAssemblies (128ms)
			RebuildTransferFunctionScriptingTraits (0ms)
			SetupTypeCache (283ms)
			ReleaseScriptCaches (1ms)
			RebuildScriptCaches (69ms)
			SetupLoadedEditorAssemblies (1237ms)
				LogAssemblyErrors (0ms)
				InitializePlatformSupportModulesInManaged (16ms)
				SetLoadedEditorAssemblies (0ms)
				RefreshPlugins (105ms)
				BeforeProcessingInitializeOnLoad (118ms)
				ProcessInitializeOnLoadAttributes (936ms)
				ProcessInitializeOnLoadMethodAttributes (42ms)
				AfterProcessingInitializeOnLoad (20ms)
				EditorAssembliesLoaded (0ms)
			ExecutionOrderSort2 (0ms)
			AwakeInstancesAfterBackupRestoration (8ms)
Platform modules already initialized, skipping
========================================================================
Worker process is ready to serve import requests
Launched and connected shader compiler UnityShaderCompiler.exe after 0.06 seconds
Refreshing native plugins compatible for Editor in 1.27 ms, found 4 plugins.
Preloading 0 native plugins for Editor in 0.00 ms.
Unloading 3899 Unused Serialized files (Serialized files now loaded: 0)
Unloading 43 unused Assets / (225.5 KB). Loaded Objects now: 4348.
Memory consumption went from 146.8 MB to 146.5 MB.
Total: 4.755100 ms (FindLiveObjects: 0.355800 ms CreateObjectMapping: 0.298300 ms MarkObjects: 3.905000 ms  DeleteObjects: 0.194700 ms)

AssetImportParameters requested are different than current active one (requested -> active):
  custom:video-decoder-ogg-theora: a1e56fd34408186e4bbccfd4996cb3dc -> 
  custom:container-muxer-webm: aa71ff27fc2769a1b78a27578f13a17b -> 
  custom:container-demuxer-webm: 4f35f7cbe854078d1ac9338744f61a02 -> 
  custom:video-encoder-webm-vp8: eb34c28f22e8b96e1ab97ce403110664 -> 
  custom:video-codec-MediaFoundation-h265: 746d11721c4dcdbdad8f713fa42b33f4 -> 
  custom:audio-encoder-webm-vorbis: bf7c407c2cedff20999df2af8eb42d56 -> 
  custom:framework-win-MediaFoundation: 216162199b28c13a410421893ffa2e32 -> 
  custom:container-demuxer-ogg: 62fdf1f143b41e24485cea50d1cbac27 -> 
  custom:video-decoder-webm-vp8: 9c59270c3fd7afecdb556c50c9e8de78 -> 
  custom:audio-decoder-ogg-vorbis: bf7c407c2cedff20999df2af8eb42d56 -> 
========================================================================
Received Import Request.
  Time since last request: 620794.702538 seconds.
  path: Assets/Images/Background/Background image.PNG
  artifactKey: Guid(243491e98358b1e469153da3c923e908) Importer(815301076,1909f56bfc062723c751e8b465ee728b)
Start importing Assets/Images/Background/Background image.PNG using Guid(243491e98358b1e469153da3c923e908) Importer(815301076,1909f56bfc062723c751e8b465ee728b)  -> (artifact id: '111dd494eb32f3f3a817bb342e30229c') in 0.308096 seconds 
========================================================================
Received Import Request.
  Time since last request: 371.820810 seconds.
  path: Assets/Sprite/LPC imp/attack - pitchfork.png
  artifactKey: Guid(93a46b896e6d41046a5384aaef584e06) Importer(815301076,1909f56bfc062723c751e8b465ee728b)
Start importing Assets/Sprite/LPC imp/attack - pitchfork.png using Guid(93a46b896e6d41046a5384aaef584e06) Importer(815301076,1909f56bfc062723c751e8b465ee728b)  -> (artifact id: 'fdc78b9860ed5feb1a464d6e9bfe23eb') in 0.034074 seconds 
========================================================================
Received Import Request.
  Time since last request: 0.000052 seconds.
  path: Assets/Sprite/LPC imp/walk - sword shield.png
  artifactKey: Guid(7e1b77e4ccef9ce4790b1b2811bacb0b) Importer(815301076,1909f56bfc062723c751e8b465ee728b)
Start importing Assets/Sprite/LPC imp/walk - sword shield.png using Guid(7e1b77e4ccef9ce4790b1b2811bacb0b) Importer(815301076,1909f56bfc062723c751e8b465ee728b)  -> (artifact id: 'c82118f5881fb9c665a39f18cea39757') in 0.046643 seconds 
========================================================================
Received Import Request.
  Time since last request: 0.000038 seconds.
  path: Assets/Sprite/LPC imp/attack - vanilla.png
  artifactKey: Guid(893009498550515498b3f26d01f3c208) Importer(815301076,1909f56bfc062723c751e8b465ee728b)
Start importing Assets/Sprite/LPC imp/attack - vanilla.png using Guid(893009498550515498b3f26d01f3c208) Importer(815301076,1909f56bfc062723c751e8b465ee728b)  -> (artifact id: 'c2900087e8ee5ad30f8b3252dbefbea6') in 0.016642 seconds 
========================================================================
Received Import Request.
  Time since last request: 0.000024 seconds.
  path: Assets/Sprite/LPC imp/attack - sword shield.png
  artifactKey: Guid(0c9880c48492fc94991aa63e481ab42e) Importer(815301076,1909f56bfc062723c751e8b465ee728b)
Start importing Assets/Sprite/LPC imp/attack - sword shield.png using Guid(0c9880c48492fc94991aa63e481ab42e) Importer(815301076,1909f56bfc062723c751e8b465ee728b)  -> (artifact id: '2a39d707939bb8b6c7a4c0fd69490d78') in 0.017484 seconds 
========================================================================
Received Import Request.
  Time since last request: 0.000022 seconds.
  path: Assets/Sprite/LPC imp/walk - pitchfork.png
  artifactKey: Guid(0a5572c362afdef46b448369aa86d4e5) Importer(815301076,1909f56bfc062723c751e8b465ee728b)
Start importing Assets/Sprite/LPC imp/walk - pitchfork.png using Guid(0a5572c362afdef46b448369aa86d4e5) Importer(815301076,1909f56bfc062723c751e8b465ee728b)  -> (artifact id: 'deda4ef94261322ba207892f363dea4c') in 0.020950 seconds 
========================================================================
Received Import Request.
  Time since last request: 0.000060 seconds.
  path: Assets/Sprite/LPC imp/walk - sword.png
  artifactKey: Guid(05b04ef4e06771548a1cee2714eb2b82) Importer(815301076,1909f56bfc062723c751e8b465ee728b)
Start importing Assets/Sprite/LPC imp/walk - sword.png using Guid(05b04ef4e06771548a1cee2714eb2b82) Importer(815301076,1909f56bfc062723c751e8b465ee728b)  -> (artifact id: 'c6ad5091d5c8c2eee1c8d8a501476d11') in 0.015378 seconds 
